<?xml version="1.0" encoding="UTF-8"?>
<!-- Generated by org.testng.reporters.JUnitXMLReporter -->
<testsuite ignored="8" hostname="LIN51011959" failures="0" tests="10" name="Demo Blaze Automation" time="31.336" errors="0" timestamp="2022-04-28T00:37:17 IST">
  <testcase classname="com.demoblaze.testcases.SignUpPageTest" name="registerUser" time="2.283"/>
  <testcase classname="com.demoblaze.testcases.LoginPageTest" name="login" time="0.357"/>
  <testcase classname="com.demoblaze.testcases.ProductInfoPageTest" name="selectLappy" time="5.349"/>
  <testcase classname="com.demoblaze.testcases.ProductInfoPageTest" name="selectMonitor" time="4.685"/>
  <testcase classname="com.demoblaze.testcases.ProductInfoPageTest" name="selectPhone" time="4.138"/>
  <testcase classname="com.demoblaze.testcases.CartPageTest" name="goToCart" time="5.93"/>
  <testcase classname="com.demoblaze.testcases.CartPageTest" name="validateDeleteItem" time="5.148"/>
  <testcase classname="com.demoblaze.testcases.CartPageTest" name="valiadteTotalProductPrice" time="0.048"/>
  <testcase classname="com.demoblaze.testcases.PaymentInfoPageTest" name="verPurWithoutInfo" time="0.612"/>
  <testcase classname="com.demoblaze.testcases.PaymentInfoPageTest" name="verPurWithInfo" time="0.597"/>
  <testcase classname="com.demoblaze.base.TestBase" name="@BeforeSuite setUp" time="0.0">
    <ignored/>
  </testcase> <!-- @BeforeSuite setUp -->
  <testcase classname="com.demoblaze.base.TestBase" name="@BeforeSuite setUp" time="0.0">
    <ignored/>
  </testcase> <!-- @BeforeSuite setUp -->
  <testcase classname="com.demoblaze.base.TestBase" name="@BeforeSuite setUp" time="0.0">
    <ignored/>
  </testcase> <!-- @BeforeSuite setUp -->
  <testcase classname="com.demoblaze.base.TestBase" name="@BeforeSuite setUp" time="0.0">
    <ignored/>
  </testcase> <!-- @BeforeSuite setUp -->
  <testcase classname="com.demoblaze.base.TestBase" name="@AfterSuite tearDown" time="0.0">
    <ignored/>
  </testcase> <!-- @AfterSuite tearDown -->
  <testcase classname="com.demoblaze.base.TestBase" name="@AfterSuite tearDown" time="0.0">
    <ignored/>
  </testcase> <!-- @AfterSuite tearDown -->
  <testcase classname="com.demoblaze.base.TestBase" name="@AfterSuite tearDown" time="0.0">
    <ignored/>
  </testcase> <!-- @AfterSuite tearDown -->
  <testcase classname="com.demoblaze.base.TestBase" name="@AfterSuite tearDown" time="0.0">
    <ignored/>
  </testcase> <!-- @AfterSuite tearDown -->
</testsuite> <!-- Demo Blaze Automation -->
