<?xml version="1.0" encoding="UTF-8"?>
<testsuite name="TestSuite" time="36.974" tests="12" errors="0" skipped="0" failures="1">
  <properties>
[...]
</properties>
  <testcase name="registerUser" classname="com.demoblaze.testcases.SignUpPageTest" time="1.244"/>
  <testcase name="loginTest" classname="com.demoblaze.testcases.LoginPageTest" time="5.534"/>
  <testcase name="loginTest" classname="com.demoblaze.testcases.LoginPageTest" time="5.843"/>
  <testcase name="loginTest" classname="com.demoblaze.testcases.LoginPageTest" time="4.688"/>
  <testcase name="selectLappy" classname="com.demoblaze.testcases.ProductInfoPageTest" time="4.079"/>
  <testcase name="selectMonitor" classname="com.demoblaze.testcases.ProductInfoPageTest" time="3.52"/>
  <testcase name="selectPhone" classname="com.demoblaze.testcases.ProductInfoPageTest" time="3.801"/>
  <testcase name="goToCart" classname="com.demoblaze.testcases.CartPageTest" time="7.783"/>
  <testcase name="validateDeleteItem" classname="com.demoblaze.testcases.CartPageTest" time="10.195"/>
  <testcase name="valiadteTotalProductPrice" classname="com.demoblaze.testcases.CartPageTest" time="0.03"/>
  <testcase name="verifyPurchaseWithoutInfo" classname="com.demoblaze.testcases.PaymentInfoPageTest" time="0.445"/>
  <testcase name="verifyPurchaseWithInfo" classname="com.demoblaze.testcases.PaymentInfoPageTest" time="0.343">
    <failure message="expected [Thank you for your purchase] but found [Thank you for your purchase!]" type="java.lang.AssertionError">java.lang.AssertionError: expected [Thank you for your purchase] but found [Thank you for your purchase!]
	at org.testng.Assert.fail(Assert.java:97)
	at org.testng.Assert.assertEqualsImpl(Assert.java:136)
	at org.testng.Assert.assertEquals(Assert.java:118)
	at org.testng.Assert.assertEquals(Assert.java:575)
	at org.testng.Assert.assertEquals(Assert.java:585)
	at com.demoblaze.testcases.PaymentInfoPageTest.verifyPurchaseWithInfo(PaymentInfoPageTest.java:51)
</failure>
    <system-out><![CDATA[ INFO [main] (PaymentInfoPageTest.java:44)- Send Order details in Payment Page
 INFO [main] (PaymentInfoPageTest.java:47)- Click on Purchase Button-->verifyPurchaseWithInfo
 INFO [main] (PaymentInfoPageTest.java:50)- Verifying Purchase Page without entering any order details
]]></system-out>
  </testcase>
</testsuite>